Added Component: Designator=C2(C0603)
Add component (AddParameter): Name = "Case"; Value = ""; VariantName = "[No Variations]"
Add component (AddParameter): Name = "HelpURL"; Value = ""; VariantName = "[No Variations]"
Add component (AddParameter): Name = "Manufacturer"; Value = ""; VariantName = "[No Variations]"
Add component (AddParameter): Name = "Model"; Value = ""; VariantName = "[No Variations]"
Add component (AddParameter): Name = "Value"; Value = "0.1 uF"; VariantName = "[No Variations]"
Added Component: Designator=C3(C0603)
Add component (AddParameter): Name = "Case"; Value = "Ñ0603"; VariantName = "[No Variations]"
Add component (AddParameter): Name = "HelpURL"; Value = ""; VariantName = "[No Variations]"
Add component (AddParameter): Name = "Manufacturer"; Value = ""; VariantName = "[No Variations]"
Add component (AddParameter): Name = "Model"; Value = ""; VariantName = "[No Variations]"
Add component (AddParameter): Name = "Value"; Value = "0.1 uF"; VariantName = "[No Variations]"
Added Component: Designator=C4(C0603)
Add component (AddParameter): Name = "Case"; Value = "Ñ0603"; VariantName = "[No Variations]"
Add component (AddParameter): Name = "HelpURL"; Value = ""; VariantName = "[No Variations]"
Add component (AddParameter): Name = "Manufacturer"; Value = ""; VariantName = "[No Variations]"
Add component (AddParameter): Name = "Model"; Value = ""; VariantName = "[No Variations]"
Add component (AddParameter): Name = "Value"; Value = "0.1 uF"; VariantName = "[No Variations]"
Added Component: Designator=C5(C0603)
Add component (AddParameter): Name = "Case"; Value = "Ñ0603"; VariantName = "[No Variations]"
Add component (AddParameter): Name = "HelpURL"; Value = ""; VariantName = "[No Variations]"
Add component (AddParameter): Name = "Manufacturer"; Value = ""; VariantName = "[No Variations]"
Add component (AddParameter): Name = "Model"; Value = ""; VariantName = "[No Variations]"
Add component (AddParameter): Name = "Value"; Value = "0.01 uF"; VariantName = "[No Variations]"
Added Component: Designator=C6(C0603)
Add component (AddParameter): Name = "Case"; Value = "Ñ0603"; VariantName = "[No Variations]"
Add component (AddParameter): Name = "HelpURL"; Value = ""; VariantName = "[No Variations]"
Add component (AddParameter): Name = "Manufacturer"; Value = ""; VariantName = "[No Variations]"
Add component (AddParameter): Name = "Model"; Value = ""; VariantName = "[No Variations]"
Add component (AddParameter): Name = "Value"; Value = "100 pF"; VariantName = "[No Variations]"
Added Component: Designator=C8(C0603)
Add component (AddParameter): Name = "Case"; Value = "Ñ0603"; VariantName = "[No Variations]"
Add component (AddParameter): Name = "HelpURL"; Value = ""; VariantName = "[No Variations]"
Add component (AddParameter): Name = "Manufacturer"; Value = ""; VariantName = "[No Variations]"
Add component (AddParameter): Name = "Model"; Value = ""; VariantName = "[No Variations]"
Add component (AddParameter): Name = "Value"; Value = "0.01 uF"; VariantName = "[No Variations]"
Added Component: Designator=C9(C0603)
Add component (AddParameter): Name = "Case"; Value = ""; VariantName = "[No Variations]"
Add component (AddParameter): Name = "HelpURL"; Value = ""; VariantName = "[No Variations]"
Add component (AddParameter): Name = "Manufacturer"; Value = ""; VariantName = "[No Variations]"
Add component (AddParameter): Name = "Model"; Value = ""; VariantName = "[No Variations]"
Add component (AddParameter): Name = "Value"; Value = "20 pF"; VariantName = "[No Variations]"
Added Component: Designator=C10(C0603)
Add component (AddParameter): Name = "Case"; Value = ""; VariantName = "[No Variations]"
Add component (AddParameter): Name = "HelpURL"; Value = ""; VariantName = "[No Variations]"
Add component (AddParameter): Name = "Manufacturer"; Value = ""; VariantName = "[No Variations]"
Add component (AddParameter): Name = "Model"; Value = ""; VariantName = "[No Variations]"
Add component (AddParameter): Name = "Value"; Value = "20 pF"; VariantName = "[No Variations]"
Added Component: Designator=C11(C0603)
Add component (AddParameter): Name = "Case"; Value = ""; VariantName = "[No Variations]"
Add component (AddParameter): Name = "HelpURL"; Value = ""; VariantName = "[No Variations]"
Add component (AddParameter): Name = "Manufacturer"; Value = ""; VariantName = "[No Variations]"
Add component (AddParameter): Name = "Model"; Value = ""; VariantName = "[No Variations]"
Add component (AddParameter): Name = "Value"; Value = "0.1 uF"; VariantName = "[No Variations]"
Added Component: Designator=C12(C0603)
Add component (AddParameter): Name = "Case"; Value = ""; VariantName = "[No Variations]"
Add component (AddParameter): Name = "HelpURL"; Value = ""; VariantName = "[No Variations]"
Add component (AddParameter): Name = "Manufacturer"; Value = ""; VariantName = "[No Variations]"
Add component (AddParameter): Name = "Model"; Value = ""; VariantName = "[No Variations]"
Add component (AddParameter): Name = "Value"; Value = "1 uF"; VariantName = "[No Variations]"
Added Component: Designator=C13(C0603)
Add component (AddParameter): Name = "Case"; Value = ""; VariantName = "[No Variations]"
Add component (AddParameter): Name = "HelpURL"; Value = ""; VariantName = "[No Variations]"
Add component (AddParameter): Name = "Manufacturer"; Value = ""; VariantName = "[No Variations]"
Add component (AddParameter): Name = "Model"; Value = ""; VariantName = "[No Variations]"
Add component (AddParameter): Name = "Value"; Value = "0.1 uF"; VariantName = "[No Variations]"
Added Component: Designator=C14(C0603)
Add component (AddParameter): Name = "Case"; Value = ""; VariantName = "[No Variations]"
Add component (AddParameter): Name = "HelpURL"; Value = ""; VariantName = "[No Variations]"
Add component (AddParameter): Name = "Manufacturer"; Value = ""; VariantName = "[No Variations]"
Add component (AddParameter): Name = "Model"; Value = ""; VariantName = "[No Variations]"
Add component (AddParameter): Name = "Value"; Value = "100 pF"; VariantName = "[No Variations]"
Added Component: Designator=C15(C0603)
Add component (AddParameter): Name = "Case"; Value = ""; VariantName = "[No Variations]"
Add component (AddParameter): Name = "HelpURL"; Value = ""; VariantName = "[No Variations]"
Add component (AddParameter): Name = "Manufacturer"; Value = ""; VariantName = "[No Variations]"
Add component (AddParameter): Name = "Model"; Value = ""; VariantName = "[No Variations]"
Add component (AddParameter): Name = "Value"; Value = "1 uF"; VariantName = "[No Variations]"
Added Component: Designator=C16(C0603)
Add component (AddParameter): Name = "Case"; Value = ""; VariantName = "[No Variations]"
Add component (AddParameter): Name = "HelpURL"; Value = ""; VariantName = "[No Variations]"
Add component (AddParameter): Name = "Manufacturer"; Value = ""; VariantName = "[No Variations]"
Add component (AddParameter): Name = "Model"; Value = ""; VariantName = "[No Variations]"
Add component (AddParameter): Name = "Value"; Value = "0.01 uF"; VariantName = "[No Variations]"
Added Component: Designator=C17(C0603)
Add component (AddParameter): Name = "Case"; Value = ""; VariantName = "[No Variations]"
Add component (AddParameter): Name = "HelpURL"; Value = ""; VariantName = "[No Variations]"
Add component (AddParameter): Name = "Manufacturer"; Value = ""; VariantName = "[No Variations]"
Add component (AddParameter): Name = "Model"; Value = ""; VariantName = "[No Variations]"
Add component (AddParameter): Name = "Value"; Value = "0.1 uF"; VariantName = "[No Variations]"
Added Component: Designator=C18(C0603)
Add component (AddParameter): Name = "Case"; Value = ""; VariantName = "[No Variations]"
Add component (AddParameter): Name = "HelpURL"; Value = ""; VariantName = "[No Variations]"
Add component (AddParameter): Name = "Manufacturer"; Value = ""; VariantName = "[No Variations]"
Add component (AddParameter): Name = "Model"; Value = ""; VariantName = "[No Variations]"
Add component (AddParameter): Name = "Value"; Value = "4.7 uF"; VariantName = "[No Variations]"
Added Component: Designator=C19(C0603)
Add component (AddParameter): Name = "Case"; Value = ""; VariantName = "[No Variations]"
Add component (AddParameter): Name = "HelpURL"; Value = ""; VariantName = "[No Variations]"
Add component (AddParameter): Name = "Manufacturer"; Value = ""; VariantName = "[No Variations]"
Add component (AddParameter): Name = "Model"; Value = ""; VariantName = "[No Variations]"
Add component (AddParameter): Name = "Value"; Value = "0.1 uF"; VariantName = "[No Variations]"
Added Component: Designator=C20(C0603)
Add component (AddParameter): Name = "Case"; Value = ""; VariantName = "[No Variations]"
Add component (AddParameter): Name = "HelpURL"; Value = ""; VariantName = "[No Variations]"
Add component (AddParameter): Name = "Manufacturer"; Value = ""; VariantName = "[No Variations]"
Add component (AddParameter): Name = "Model"; Value = ""; VariantName = "[No Variations]"
Add component (AddParameter): Name = "Value"; Value = "0.1 uF"; VariantName = "[No Variations]"
Added Component: Designator=L1(IND1206)
Add component (AddParameter): Name = "Case"; Value = ""; VariantName = "[No Variations]"
Add component (AddParameter): Name = "HelpURL"; Value = ""; VariantName = "[No Variations]"
Add component (AddParameter): Name = "Manufacturer"; Value = ""; VariantName = "[No Variations]"
Add component (AddParameter): Name = "Model"; Value = ""; VariantName = "[No Variations]"
Add component (AddParameter): Name = "Value"; Value = "120R@100MHz"; VariantName = "[No Variations]"
Added Component: Designator=L2(IND1206)
Add component (AddParameter): Name = "Case"; Value = ""; VariantName = "[No Variations]"
Add component (AddParameter): Name = "HelpURL"; Value = ""; VariantName = "[No Variations]"
Add component (AddParameter): Name = "Manufacturer"; Value = ""; VariantName = "[No Variations]"
Add component (AddParameter): Name = "Model"; Value = ""; VariantName = "[No Variations]"
Add component (AddParameter): Name = "Value"; Value = "120R@100MHz"; VariantName = "[No Variations]"
Added Component: Designator=L3(IND1206)
Add component (AddParameter): Name = "Case"; Value = ""; VariantName = "[No Variations]"
Add component (AddParameter): Name = "HelpURL"; Value = ""; VariantName = "[No Variations]"
Add component (AddParameter): Name = "Manufacturer"; Value = ""; VariantName = "[No Variations]"
Add component (AddParameter): Name = "Model"; Value = ""; VariantName = "[No Variations]"
Add component (AddParameter): Name = "Value"; Value = "120R@100MHz"; VariantName = "[No Variations]"
Added Component: Designator=L4(IND1206)
Add component (AddParameter): Name = "Case"; Value = ""; VariantName = "[No Variations]"
Add component (AddParameter): Name = "HelpURL"; Value = ""; VariantName = "[No Variations]"
Add component (AddParameter): Name = "Manufacturer"; Value = ""; VariantName = "[No Variations]"
Add component (AddParameter): Name = "Model"; Value = ""; VariantName = "[No Variations]"
Add component (AddParameter): Name = "Value"; Value = "100 uH"; VariantName = "[No Variations]"
Added Component: Designator=P1(HDR1X2)
Add component (AddParameter): Name = "LatestRevisionDate"; Value = "17-Jul-2002"; VariantName = "[No Variations]"
Add component (AddParameter): Name = "LatestRevisionNote"; Value = "Re-released for DXP Platform."; VariantName = "[No Variations]"
Add component (AddParameter): Name = "Publisher"; Value = "Altium Limited"; VariantName = "[No Variations]"
Added Component: Designator=R1(R0603)
Add component (AddParameter): Name = "Case"; Value = ""; VariantName = "[No Variations]"
Add component (AddParameter): Name = "HelpURL"; Value = ""; VariantName = "[No Variations]"
Add component (AddParameter): Name = "Manufacturer"; Value = ""; VariantName = "[No Variations]"
Add component (AddParameter): Name = "Model"; Value = ""; VariantName = "[No Variations]"
Add component (AddParameter): Name = "Value"; Value = "10 k"; VariantName = "[No Variations]"
Added Component: Designator=R2(R0603)
Add component (AddParameter): Name = "Case"; Value = ""; VariantName = "[No Variations]"
Add component (AddParameter): Name = "HelpURL"; Value = ""; VariantName = "[No Variations]"
Add component (AddParameter): Name = "Manufacturer"; Value = ""; VariantName = "[No Variations]"
Add component (AddParameter): Name = "Model"; Value = ""; VariantName = "[No Variations]"
Add component (AddParameter): Name = "Value"; Value = "10 k"; VariantName = "[No Variations]"
Added Component: Designator=R3(R0603)
Add component (AddParameter): Name = "Case"; Value = ""; VariantName = "[No Variations]"
Add component (AddParameter): Name = "HelpURL"; Value = ""; VariantName = "[No Variations]"
Add component (AddParameter): Name = "Manufacturer"; Value = ""; VariantName = "[No Variations]"
Add component (AddParameter): Name = "Model"; Value = ""; VariantName = "[No Variations]"
Add component (AddParameter): Name = "Value"; Value = "10 k"; VariantName = "[No Variations]"
Added Component: Designator=R4(R0603)
Add component (AddParameter): Name = "Case"; Value = ""; VariantName = "[No Variations]"
Add component (AddParameter): Name = "HelpURL"; Value = ""; VariantName = "[No Variations]"
Add component (AddParameter): Name = "Manufacturer"; Value = ""; VariantName = "[No Variations]"
Add component (AddParameter): Name = "Model"; Value = ""; VariantName = "[No Variations]"
Add component (AddParameter): Name = "Value"; Value = "10 k"; VariantName = "[No Variations]"
Added Component: Designator=R5(R0603)
Add component (AddParameter): Name = "Case"; Value = ""; VariantName = "[No Variations]"
Add component (AddParameter): Name = "HelpURL"; Value = ""; VariantName = "[No Variations]"
Add component (AddParameter): Name = "Manufacturer"; Value = ""; VariantName = "[No Variations]"
Add component (AddParameter): Name = "Model"; Value = ""; VariantName = "[No Variations]"
Add component (AddParameter): Name = "Value"; Value = "2.2 k"; VariantName = "[No Variations]"
Added Component: Designator=R6(R0603)
Add component (AddParameter): Name = "Case"; Value = ""; VariantName = "[No Variations]"
Add component (AddParameter): Name = "HelpURL"; Value = ""; VariantName = "[No Variations]"
Add component (AddParameter): Name = "Manufacturer"; Value = ""; VariantName = "[No Variations]"
Add component (AddParameter): Name = "Model"; Value = ""; VariantName = "[No Variations]"
Add component (AddParameter): Name = "Value"; Value = "2.2 k"; VariantName = "[No Variations]"
Added Component: Designator=R7(R0603)
Add component (AddParameter): Name = "Case"; Value = ""; VariantName = "[No Variations]"
Add component (AddParameter): Name = "HelpURL"; Value = ""; VariantName = "[No Variations]"
Add component (AddParameter): Name = "Manufacturer"; Value = ""; VariantName = "[No Variations]"
Add component (AddParameter): Name = "Model"; Value = ""; VariantName = "[No Variations]"
Add component (AddParameter): Name = "Value"; Value = "10 k"; VariantName = "[No Variations]"
Added Component: Designator=R8(R0603)
Add component (AddParameter): Name = "Case"; Value = ""; VariantName = "[No Variations]"
Add component (AddParameter): Name = "HelpURL"; Value = ""; VariantName = "[No Variations]"
Add component (AddParameter): Name = "Manufacturer"; Value = ""; VariantName = "[No Variations]"
Add component (AddParameter): Name = "Model"; Value = ""; VariantName = "[No Variations]"
Add component (AddParameter): Name = "Value"; Value = "10 k"; VariantName = "[No Variations]"
Added Component: Designator=R9(R0603)
Add component (AddParameter): Name = "Case"; Value = ""; VariantName = "[No Variations]"
Add component (AddParameter): Name = "HelpURL"; Value = ""; VariantName = "[No Variations]"
Add component (AddParameter): Name = "Manufacturer"; Value = ""; VariantName = "[No Variations]"
Add component (AddParameter): Name = "Model"; Value = ""; VariantName = "[No Variations]"
Add component (AddParameter): Name = "Value"; Value = "200 R"; VariantName = "[No Variations]"
Added Component: Designator=R10(R0603)
Add component (AddParameter): Name = "Case"; Value = ""; VariantName = "[No Variations]"
Add component (AddParameter): Name = "HelpURL"; Value = ""; VariantName = "[No Variations]"
Add component (AddParameter): Name = "Manufacturer"; Value = ""; VariantName = "[No Variations]"
Add component (AddParameter): Name = "Model"; Value = ""; VariantName = "[No Variations]"
Add component (AddParameter): Name = "Value"; Value = "200 R"; VariantName = "[No Variations]"
Added Component: Designator=R11(R0603)
Add component (AddParameter): Name = "Case"; Value = ""; VariantName = "[No Variations]"
Add component (AddParameter): Name = "HelpURL"; Value = ""; VariantName = "[No Variations]"
Add component (AddParameter): Name = "Manufacturer"; Value = ""; VariantName = "[No Variations]"
Add component (AddParameter): Name = "Model"; Value = ""; VariantName = "[No Variations]"
Add component (AddParameter): Name = "Value"; Value = "2.2 k"; VariantName = "[No Variations]"
Added Component: Designator=R12(R0603)
Add component (AddParameter): Name = "Case"; Value = ""; VariantName = "[No Variations]"
Add component (AddParameter): Name = "HelpURL"; Value = ""; VariantName = "[No Variations]"
Add component (AddParameter): Name = "Manufacturer"; Value = ""; VariantName = "[No Variations]"
Add component (AddParameter): Name = "Model"; Value = ""; VariantName = "[No Variations]"
Add component (AddParameter): Name = "Value"; Value = "2.2 k"; VariantName = "[No Variations]"
Added Component: Designator=R13(R0603)
Add component (AddParameter): Name = "Case"; Value = ""; VariantName = "[No Variations]"
Add component (AddParameter): Name = "HelpURL"; Value = ""; VariantName = "[No Variations]"
Add component (AddParameter): Name = "Manufacturer"; Value = ""; VariantName = "[No Variations]"
Add component (AddParameter): Name = "Model"; Value = ""; VariantName = "[No Variations]"
Add component (AddParameter): Name = "Value"; Value = "200 R"; VariantName = "[No Variations]"
Added Component: Designator=R14(R0603)
Add component (AddParameter): Name = "Case"; Value = ""; VariantName = "[No Variations]"
Add component (AddParameter): Name = "HelpURL"; Value = ""; VariantName = "[No Variations]"
Add component (AddParameter): Name = "Manufacturer"; Value = ""; VariantName = "[No Variations]"
Add component (AddParameter): Name = "Model"; Value = ""; VariantName = "[No Variations]"
Add component (AddParameter): Name = "Value"; Value = "200 R"; VariantName = "[No Variations]"
Added Component: Designator=R15(R0603)
Add component (AddParameter): Name = "Case"; Value = ""; VariantName = "[No Variations]"
Add component (AddParameter): Name = "HelpURL"; Value = ""; VariantName = "[No Variations]"
Add component (AddParameter): Name = "Manufacturer"; Value = ""; VariantName = "[No Variations]"
Add component (AddParameter): Name = "Model"; Value = ""; VariantName = "[No Variations]"
Add component (AddParameter): Name = "Value"; Value = "2.2 k"; VariantName = "[No Variations]"
Added Component: Designator=R16(R0603)
Add component (AddParameter): Name = "Case"; Value = ""; VariantName = "[No Variations]"
Add component (AddParameter): Name = "HelpURL"; Value = ""; VariantName = "[No Variations]"
Add component (AddParameter): Name = "Manufacturer"; Value = ""; VariantName = "[No Variations]"
Add component (AddParameter): Name = "Model"; Value = ""; VariantName = "[No Variations]"
Add component (AddParameter): Name = "Value"; Value = "2.2 k"; VariantName = "[No Variations]"
Added Component: Designator=R17(R0603)
Add component (AddParameter): Name = "Case"; Value = ""; VariantName = "[No Variations]"
Add component (AddParameter): Name = "HelpURL"; Value = ""; VariantName = "[No Variations]"
Add component (AddParameter): Name = "Manufacturer"; Value = ""; VariantName = "[No Variations]"
Add component (AddParameter): Name = "Model"; Value = ""; VariantName = "[No Variations]"
Add component (AddParameter): Name = "Value"; Value = "2.2 k"; VariantName = "[No Variations]"
Added Component: Designator=R18(R0603)
Add component (AddParameter): Name = "Case"; Value = ""; VariantName = "[No Variations]"
Add component (AddParameter): Name = "HelpURL"; Value = ""; VariantName = "[No Variations]"
Add component (AddParameter): Name = "Manufacturer"; Value = ""; VariantName = "[No Variations]"
Add component (AddParameter): Name = "Model"; Value = ""; VariantName = "[No Variations]"
Add component (AddParameter): Name = "Value"; Value = "200 R"; VariantName = "[No Variations]"
Added Component: Designator=R19(R0603)
Add component (AddParameter): Name = "Case"; Value = ""; VariantName = "[No Variations]"
Add component (AddParameter): Name = "HelpURL"; Value = ""; VariantName = "[No Variations]"
Add component (AddParameter): Name = "Manufacturer"; Value = ""; VariantName = "[No Variations]"
Add component (AddParameter): Name = "Model"; Value = ""; VariantName = "[No Variations]"
Add component (AddParameter): Name = "Value"; Value = "200 R"; VariantName = "[No Variations]"
Added Component: Designator=R20(R0603)
Add component (AddParameter): Name = "Case"; Value = ""; VariantName = "[No Variations]"
Add component (AddParameter): Name = "HelpURL"; Value = ""; VariantName = "[No Variations]"
Add component (AddParameter): Name = "Manufacturer"; Value = ""; VariantName = "[No Variations]"
Add component (AddParameter): Name = "Model"; Value = ""; VariantName = "[No Variations]"
Add component (AddParameter): Name = "Value"; Value = "200 R"; VariantName = "[No Variations]"
Added Component: Designator=R21(R0603)
Add component (AddParameter): Name = "Case"; Value = ""; VariantName = "[No Variations]"
Add component (AddParameter): Name = "HelpURL"; Value = ""; VariantName = "[No Variations]"
Add component (AddParameter): Name = "Manufacturer"; Value = ""; VariantName = "[No Variations]"
Add component (AddParameter): Name = "Model"; Value = ""; VariantName = "[No Variations]"
Add component (AddParameter): Name = "Value"; Value = "2.2 k"; VariantName = "[No Variations]"
Added Component: Designator=R22(R0603)
Add component (AddParameter): Name = "Case"; Value = ""; VariantName = "[No Variations]"
Add component (AddParameter): Name = "HelpURL"; Value = ""; VariantName = "[No Variations]"
Add component (AddParameter): Name = "Manufacturer"; Value = ""; VariantName = "[No Variations]"
Add component (AddParameter): Name = "Model"; Value = ""; VariantName = "[No Variations]"
Add component (AddParameter): Name = "Value"; Value = "200 R"; VariantName = "[No Variations]"
Added Component: Designator=SW1(KMR221GLFS)
Add component (AddParameter): Name = "Case"; Value = "KMR221GLFS"; VariantName = "[No Variations]"
Add component (AddParameter): Name = "HelpURL"; Value = "https://www.digikey.com/product-detail/en/c-k/KMR221GLFS/401-1427-1-ND/550466"; VariantName = "[No Variations]"
Add component (AddParameter): Name = "Manufacturer"; Value = "C&K"; VariantName = "[No Variations]"
Add component (AddParameter): Name = "Model"; Value = "KMR221GLFS"; VariantName = "[No Variations]"
Added Component: Designator=SW2(KMR221GLFS)
Add component (AddParameter): Name = "Case"; Value = "KMR221GLFS"; VariantName = "[No Variations]"
Add component (AddParameter): Name = "HelpURL"; Value = "https://www.digikey.com/product-detail/en/c-k/KMR221GLFS/401-1427-1-ND/550466"; VariantName = "[No Variations]"
Add component (AddParameter): Name = "Manufacturer"; Value = "C&K"; VariantName = "[No Variations]"
Add component (AddParameter): Name = "Model"; Value = "KMR221GLFS"; VariantName = "[No Variations]"
Added Component: Designator=U1(TSSOP-20)
Add component (AddParameter): Name = "Case"; Value = "TSSOP-20"; VariantName = "[No Variations]"
Add component (AddParameter): Name = "HelpURL"; Value = "https://www.digikey.com/product-detail/en/stmicroelectronics/STM32F030F4P6TR/497-17333-1-ND/7650385"; VariantName = "[No Variations]"
Add component (AddParameter): Name = "Manufacturer"; Value = "STMicroelectronics"; VariantName = "[No Variations]"
Add component (AddParameter): Name = "Model"; Value = "STM32F030F4P6TR"; VariantName = "[No Variations]"
Added Component: Designator=U3(SOIC-14)
Add component (AddParameter): Name = "Case"; Value = "SOIC-14"; VariantName = "[No Variations]"
Add component (AddParameter): Name = "HelpURL"; Value = "https://www.digikey.com/product-detail/en/texas-instruments/LM3900D/296-9564-5-ND/379857"; VariantName = "[No Variations]"
Add component (AddParameter): Name = "Manufacturer"; Value = "Texas Instruments"; VariantName = "[No Variations]"
Add component (AddParameter): Name = "Model"; Value = "LM3900D"; VariantName = "[No Variations]"
Added Component: Designator=U4(SOIC-14)
Add component (AddParameter): Name = "Case"; Value = "SOIC-14"; VariantName = "[No Variations]"
Add component (AddParameter): Name = "HelpURL"; Value = "https://www.digikey.com/product-detail/en/texas-instruments/LM3900D/296-9564-5-ND/379857"; VariantName = "[No Variations]"
Add component (AddParameter): Name = "Manufacturer"; Value = "Texas Instruments"; VariantName = "[No Variations]"
Add component (AddParameter): Name = "Model"; Value = "LM3900D"; VariantName = "[No Variations]"
Added Component: Designator=U5(TCRT5000)
Add component (AddParameter): Name = "Case"; Value = "TCRT5000"; VariantName = "[No Variations]"
Add component (AddParameter): Name = "HelpURL"; Value = "https://www.digikey.com/product-detail/en/vishay-semiconductor-opto-division/TCRT5000/751-1033-5-ND/1681167"; VariantName = "[No Variations]"
Add component (AddParameter): Name = "Manufacturer"; Value = "Vishay Semiconductor Opto Division"; VariantName = "[No Variations]"
Add component (AddParameter): Name = "Model"; Value = "TCRT5000"; VariantName = "[No Variations]"
Added Component: Designator=U6(TCRT5000)
Add component (AddParameter): Name = "Case"; Value = "TCRT5000"; VariantName = "[No Variations]"
Add component (AddParameter): Name = "HelpURL"; Value = "https://www.digikey.com/product-detail/en/vishay-semiconductor-opto-division/TCRT5000/751-1033-5-ND/1681167"; VariantName = "[No Variations]"
Add component (AddParameter): Name = "Manufacturer"; Value = "Vishay Semiconductor Opto Division"; VariantName = "[No Variations]"
Add component (AddParameter): Name = "Model"; Value = "TCRT5000"; VariantName = "[No Variations]"
Added Component: Designator=U7(TCRT5000)
Add component (AddParameter): Name = "Case"; Value = "TCRT5000"; VariantName = "[No Variations]"
Add component (AddParameter): Name = "HelpURL"; Value = "https://www.digikey.com/product-detail/en/vishay-semiconductor-opto-division/TCRT5000/751-1033-5-ND/1681167"; VariantName = "[No Variations]"
Add component (AddParameter): Name = "Manufacturer"; Value = "Vishay Semiconductor Opto Division"; VariantName = "[No Variations]"
Add component (AddParameter): Name = "Model"; Value = "TCRT5000"; VariantName = "[No Variations]"
Added Component: Designator=U8(TCRT5000)
Add component (AddParameter): Name = "Case"; Value = "TCRT5000"; VariantName = "[No Variations]"
Add component (AddParameter): Name = "HelpURL"; Value = "https://www.digikey.com/product-detail/en/vishay-semiconductor-opto-division/TCRT5000/751-1033-5-ND/1681167"; VariantName = "[No Variations]"
Add component (AddParameter): Name = "Manufacturer"; Value = "Vishay Semiconductor Opto Division"; VariantName = "[No Variations]"
Add component (AddParameter): Name = "Model"; Value = "TCRT5000"; VariantName = "[No Variations]"
Added Component: Designator=U9(TCRT5000)
Add component (AddParameter): Name = "Case"; Value = "TCRT5000"; VariantName = "[No Variations]"
Add component (AddParameter): Name = "HelpURL"; Value = "https://www.digikey.com/product-detail/en/vishay-semiconductor-opto-division/TCRT5000/751-1033-5-ND/1681167"; VariantName = "[No Variations]"
Add component (AddParameter): Name = "Manufacturer"; Value = "Vishay Semiconductor Opto Division"; VariantName = "[No Variations]"
Add component (AddParameter): Name = "Model"; Value = "TCRT5000"; VariantName = "[No Variations]"
Added Component: Designator=U10(TCRT5000)
Add component (AddParameter): Name = "Case"; Value = "TCRT5000"; VariantName = "[No Variations]"
Add component (AddParameter): Name = "HelpURL"; Value = "https://www.digikey.com/product-detail/en/vishay-semiconductor-opto-division/TCRT5000/751-1033-5-ND/1681167"; VariantName = "[No Variations]"
Add component (AddParameter): Name = "Manufacturer"; Value = "Vishay Semiconductor Opto Division"; VariantName = "[No Variations]"
Add component (AddParameter): Name = "Model"; Value = "TCRT5000"; VariantName = "[No Variations]"
Added Component: Designator=U11(TCRT5000)
Add component (AddParameter): Name = "Case"; Value = "TCRT5000"; VariantName = "[No Variations]"
Add component (AddParameter): Name = "HelpURL"; Value = "https://www.digikey.com/product-detail/en/vishay-semiconductor-opto-division/TCRT5000/751-1033-5-ND/1681167"; VariantName = "[No Variations]"
Add component (AddParameter): Name = "Manufacturer"; Value = "Vishay Semiconductor Opto Division"; VariantName = "[No Variations]"
Add component (AddParameter): Name = "Model"; Value = "TCRT5000"; VariantName = "[No Variations]"
Added Component: Designator=U12(TCRT5000)
Add component (AddParameter): Name = "Case"; Value = "TCRT5000"; VariantName = "[No Variations]"
Add component (AddParameter): Name = "HelpURL"; Value = "https://www.digikey.com/product-detail/en/vishay-semiconductor-opto-division/TCRT5000/751-1033-5-ND/1681167"; VariantName = "[No Variations]"
Add component (AddParameter): Name = "Manufacturer"; Value = "Vishay Semiconductor Opto Division"; VariantName = "[No Variations]"
Add component (AddParameter): Name = "Model"; Value = "TCRT5000"; VariantName = "[No Variations]"
Added Pin To Net: NetName=AGND Pin=C3-2
Added Pin To Net: NetName=AGND Pin=C4-2
Added Pin To Net: NetName=AGND Pin=C5-2
Added Pin To Net: NetName=AGND Pin=C6-2
Added Pin To Net: NetName=AGND Pin=C8-2
Added Pin To Net: NetName=AGND Pin=C15-2
Added Pin To Net: NetName=AGND Pin=C16-2
Added Pin To Net: NetName=AGND Pin=C17-2
Added Pin To Net: NetName=AGND Pin=C19-2
Added Pin To Net: NetName=AGND Pin=C20-2
Added Pin To Net: NetName=AGND Pin=U3-7
Added Pin To Net: NetName=AGND Pin=U4-7
Added Pin To Net: NetName=AGND Pin=U5-2
Added Pin To Net: NetName=AGND Pin=U5-3
Added Pin To Net: NetName=AGND Pin=U6-2
Added Pin To Net: NetName=AGND Pin=U6-3
Added Pin To Net: NetName=AGND Pin=U7-2
Added Pin To Net: NetName=AGND Pin=U7-3
Added Pin To Net: NetName=AGND Pin=U8-2
Added Pin To Net: NetName=AGND Pin=U8-3
Added Pin To Net: NetName=AGND Pin=U9-2
Added Pin To Net: NetName=AGND Pin=U9-3
Added Pin To Net: NetName=AGND Pin=U10-2
Added Pin To Net: NetName=AGND Pin=U10-3
Added Pin To Net: NetName=AGND Pin=U11-2
Added Pin To Net: NetName=AGND Pin=U11-3
Added Pin To Net: NetName=AGND Pin=U12-2
Added Pin To Net: NetName=AGND Pin=U12-3
Added Net: Name=AGND
Added Pin To Net: NetName=AVCC_3V3 Pin=C15-1
Added Pin To Net: NetName=AVCC_3V3 Pin=C16-1
Added Pin To Net: NetName=AVCC_3V3 Pin=C19-1
Added Pin To Net: NetName=AVCC_3V3 Pin=C20-1
Added Pin To Net: NetName=AVCC_3V3 Pin=L3-2
Added Pin To Net: NetName=AVCC_3V3 Pin=U1-5
Added Pin To Net: NetName=AVCC_3V3 Pin=U3-14
Added Pin To Net: NetName=AVCC_3V3 Pin=U4-14
Added Net: Name=AVCC_3V3
Added Pin To Net: NetName=BOOT0 Pin=SW1-2
Added Pin To Net: NetName=BOOT0 Pin=U1-1
Added Net: Name=BOOT0
Added Pin To Net: NetName=GND Pin=C2-2
Added Pin To Net: NetName=GND Pin=C9-2
Added Pin To Net: NetName=GND Pin=C10-2
Added Pin To Net: NetName=GND Pin=C12-2
Added Pin To Net: NetName=GND Pin=C13-2
Added Pin To Net: NetName=GND Pin=C14-2
Added Pin To Net: NetName=GND Pin=P1-1
Added Pin To Net: NetName=GND Pin=R1-1
Added Pin To Net: NetName=GND Pin=R2-1
Added Pin To Net: NetName=GND Pin=SW1-3
Added Pin To Net: NetName=GND Pin=SW2-3
Added Pin To Net: NetName=GND Pin=U1-15
Added Net: Name=GND
Added Pin To Net: NetName=NetC1_1 Pin=C2-1
Added Pin To Net: NetName=NetC1_1 Pin=L1-1
Added Net: Name=NetC1_1
Added Pin To Net: NetName=NetC3_1 Pin=C3-1
Added Pin To Net: NetName=NetC3_1 Pin=L1-2
Added Net: Name=NetC3_1
Added Pin To Net: NetName=NetC8_1 Pin=C8-1
Added Net: Name=NetC8_1
Added Pin To Net: NetName=NetC11_1 Pin=C11-1
Added Pin To Net: NetName=NetC11_1 Pin=R4-2
Added Pin To Net: NetName=NetC11_1 Pin=SW2-1
Added Net: Name=NetC11_1
Added Pin To Net: NetName=NetC11_2 Pin=C11-2
Added Pin To Net: NetName=NetC11_2 Pin=SW2-4
Added Net: Name=NetC11_2
Added Pin To Net: NetName=NetC18_1 Pin=C18-1
Added Pin To Net: NetName=NetC18_1 Pin=L4-2
Added Net: Name=NetC18_1
Added Pin To Net: NetName=NetC18_2 Pin=C18-2
Added Pin To Net: NetName=NetC18_2 Pin=R7-2
Added Net: Name=NetC18_2
Added Pin To Net: NetName=NetD1_2 Pin=P1-2
Added Net: Name=NetD1_2
Added Pin To Net: NetName=NetL4_1 Pin=L4-1
Added Pin To Net: NetName=NetL4_1 Pin=R8-1
Added Net: Name=NetL4_1
Added Pin To Net: NetName=NetQ2_2 Pin=U5-4
Added Net: Name=NetQ2_2
Added Pin To Net: NetName=NetQ3_2 Pin=U6-4
Added Net: Name=NetQ3_2
Added Pin To Net: NetName=NetQ4_2 Pin=U7-4
Added Net: Name=NetQ4_2
Added Pin To Net: NetName=NetQ5_2 Pin=U8-4
Added Net: Name=NetQ5_2
Added Pin To Net: NetName=NetQ6_2 Pin=U9-4
Added Net: Name=NetQ6_2
Added Pin To Net: NetName=NetQ7_2 Pin=U10-4
Added Net: Name=NetQ7_2
Added Pin To Net: NetName=NetQ8_2 Pin=U11-4
Added Net: Name=NetQ8_2
Added Pin To Net: NetName=NetQ9_2 Pin=U12-4
Added Net: Name=NetQ9_2
Added Pin To Net: NetName=NetR3_1 Pin=R3-1
Added Pin To Net: NetName=NetR3_1 Pin=SW1-1
Added Net: Name=NetR3_1
Added Pin To Net: NetName=NetR3_2 Pin=R3-2
Added Pin To Net: NetName=NetR3_2 Pin=SW1-4
Added Net: Name=NetR3_2
Added Pin To Net: NetName=NRST Pin=SW2-2
Added Pin To Net: NetName=NRST Pin=U1-4
Added Net: Name=NRST
Added Pin To Net: NetName=OSC_IN Pin=C9-1
Added Pin To Net: NetName=OSC_IN Pin=U1-2
Added Net: Name=OSC_IN
Added Pin To Net: NetName=OSC_OUT Pin=C10-1
Added Pin To Net: NetName=OSC_OUT Pin=U1-3
Added Net: Name=OSC_OUT
Added Pin To Net: NetName=PA0 Pin=R9-1
Added Pin To Net: NetName=PA0 Pin=U1-6
Added Pin To Net: NetName=PA0 Pin=U5-1
Added Net: Name=PA0
Added Pin To Net: NetName=PA1 Pin=R13-1
Added Pin To Net: NetName=PA1 Pin=U1-7
Added Pin To Net: NetName=PA1 Pin=U6-1
Added Net: Name=PA1
Added Pin To Net: NetName=PA2 Pin=R18-1
Added Pin To Net: NetName=PA2 Pin=U1-8
Added Pin To Net: NetName=PA2 Pin=U7-1
Added Net: Name=PA2
Added Pin To Net: NetName=PA3 Pin=R10-1
Added Pin To Net: NetName=PA3 Pin=U1-9
Added Pin To Net: NetName=PA3 Pin=U8-1
Added Net: Name=PA3
Added Pin To Net: NetName=PA4 Pin=R14-1
Added Pin To Net: NetName=PA4 Pin=U1-10
Added Pin To Net: NetName=PA4 Pin=U9-1
Added Net: Name=PA4
Added Pin To Net: NetName=PA5 Pin=R19-1
Added Pin To Net: NetName=PA5 Pin=U1-11
Added Pin To Net: NetName=PA5 Pin=U10-1
Added Net: Name=PA5
Added Pin To Net: NetName=PA6 Pin=R20-1
Added Pin To Net: NetName=PA6 Pin=U1-12
Added Pin To Net: NetName=PA6 Pin=U11-1
Added Net: Name=PA6
Added Pin To Net: NetName=PA7 Pin=R22-1
Added Pin To Net: NetName=PA7 Pin=U1-13
Added Pin To Net: NetName=PA7 Pin=U12-1
Added Net: Name=PA7
Added Pin To Net: NetName=PWM Pin=R7-1
Added Pin To Net: NetName=PWM Pin=R8-2
Added Pin To Net: NetName=PWM Pin=U1-14
Added Net: Name=PWM
Added Pin To Net: NetName=SCL Pin=R2-2
Added Pin To Net: NetName=SCL Pin=U1-17
Added Net: Name=SCL
Added Pin To Net: NetName=SDA Pin=R1-2
Added Pin To Net: NetName=SDA Pin=U1-18
Added Net: Name=SDA
Added Pin To Net: NetName=SWCLK Pin=U1-20
Added Net: Name=SWCLK
Added Pin To Net: NetName=SWDIO Pin=U1-19
Added Net: Name=SWDIO
Added Pin To Net: NetName=U3_1IN- Pin=R5-2
Added Pin To Net: NetName=U3_1IN- Pin=U3-6
Added Net: Name=U3_1IN-
Added Pin To Net: NetName=U3_1OUT Pin=U3-5
Added Net: Name=U3_1OUT
Added Pin To Net: NetName=U3_2IN- Pin=R11-2
Added Pin To Net: NetName=U3_2IN- Pin=U3-3
Added Net: Name=U3_2IN-
Added Pin To Net: NetName=U3_2OUT Pin=U3-4
Added Net: Name=U3_2OUT
Added Pin To Net: NetName=U3_3IN- Pin=R15-2
Added Pin To Net: NetName=U3_3IN- Pin=U3-8
Added Net: Name=U3_3IN-
Added Pin To Net: NetName=U3_3OUT Pin=U3-9
Added Net: Name=U3_3OUT
Added Pin To Net: NetName=U3_4IN- Pin=R6-2
Added Pin To Net: NetName=U3_4IN- Pin=U3-11
Added Net: Name=U3_4IN-
Added Pin To Net: NetName=U3_4OUT Pin=U3-10
Added Net: Name=U3_4OUT
Added Pin To Net: NetName=U4_1IN- Pin=R12-2
Added Pin To Net: NetName=U4_1IN- Pin=U4-6
Added Net: Name=U4_1IN-
Added Pin To Net: NetName=U4_1OUT Pin=U4-5
Added Net: Name=U4_1OUT
Added Pin To Net: NetName=U4_2IN- Pin=R16-2
Added Pin To Net: NetName=U4_2IN- Pin=U4-3
Added Net: Name=U4_2IN-
Added Pin To Net: NetName=U4_2OUT Pin=U4-4
Added Net: Name=U4_2OUT
Added Pin To Net: NetName=U4_3IN- Pin=R17-2
Added Pin To Net: NetName=U4_3IN- Pin=U4-8
Added Net: Name=U4_3IN-
Added Pin To Net: NetName=U4_3OUT Pin=U4-9
Added Net: Name=U4_3OUT
Added Pin To Net: NetName=U4_4IN- Pin=R21-2
Added Pin To Net: NetName=U4_4IN- Pin=U4-11
Added Net: Name=U4_4IN-
Added Pin To Net: NetName=U4_4OUT Pin=U4-10
Added Net: Name=U4_4OUT
Added Pin To Net: NetName=V_REF Pin=U3-1
Added Pin To Net: NetName=V_REF Pin=U3-2
Added Pin To Net: NetName=V_REF Pin=U3-12
Added Pin To Net: NetName=V_REF Pin=U3-13
Added Pin To Net: NetName=V_REF Pin=U4-1
Added Pin To Net: NetName=V_REF Pin=U4-2
Added Pin To Net: NetName=V_REF Pin=U4-12
Added Pin To Net: NetName=V_REF Pin=U4-13
Added Net: Name=V_REF
Added Pin To Net: NetName=VCC_3V3 Pin=C4-1
Added Pin To Net: NetName=VCC_3V3 Pin=C5-1
Added Pin To Net: NetName=VCC_3V3 Pin=C6-1
Added Pin To Net: NetName=VCC_3V3 Pin=L2-1
Added Pin To Net: NetName=VCC_3V3 Pin=R4-1
Added Net: Name=VCC_3V3
Added Pin To Net: NetName=VCC_5V_IN Pin=C17-1
Added Pin To Net: NetName=VCC_5V_IN Pin=R5-1
Added Pin To Net: NetName=VCC_5V_IN Pin=R6-1
Added Pin To Net: NetName=VCC_5V_IN Pin=R9-2
Added Pin To Net: NetName=VCC_5V_IN Pin=R10-2
Added Pin To Net: NetName=VCC_5V_IN Pin=R11-1
Added Pin To Net: NetName=VCC_5V_IN Pin=R12-1
Added Pin To Net: NetName=VCC_5V_IN Pin=R13-2
Added Pin To Net: NetName=VCC_5V_IN Pin=R14-2
Added Pin To Net: NetName=VCC_5V_IN Pin=R15-1
Added Pin To Net: NetName=VCC_5V_IN Pin=R16-1
Added Pin To Net: NetName=VCC_5V_IN Pin=R17-1
Added Pin To Net: NetName=VCC_5V_IN Pin=R18-2
Added Pin To Net: NetName=VCC_5V_IN Pin=R19-2
Added Pin To Net: NetName=VCC_5V_IN Pin=R20-2
Added Pin To Net: NetName=VCC_5V_IN Pin=R21-1
Added Pin To Net: NetName=VCC_5V_IN Pin=R22-2
Added Net: Name=VCC_5V_IN
Added Pin To Net: NetName=VDD Pin=C12-1
Added Pin To Net: NetName=VDD Pin=C13-1
Added Pin To Net: NetName=VDD Pin=C14-1
Added Pin To Net: NetName=VDD Pin=L2-2
Added Pin To Net: NetName=VDD Pin=L3-1
Added Pin To Net: NetName=VDD Pin=U1-16
Added Net: Name=VDD
Added Member To Class: ClassName=Schematic_page1 Member=Component C2 0.1 uF
Added Member To Class: ClassName=Schematic_page1 Member=Component C3 0.1 uF
Added Member To Class: ClassName=Schematic_page1 Member=Component C4 0.1 uF
Added Member To Class: ClassName=Schematic_page1 Member=Component C5 0.01 uF
Added Member To Class: ClassName=Schematic_page1 Member=Component C6 100 pF
Added Member To Class: ClassName=Schematic_page1 Member=Component C8 0.01 uF
Added Member To Class: ClassName=Schematic_page2 Member=Component C9 20 pF
Added Member To Class: ClassName=Schematic_page2 Member=Component C10 20 pF
Added Member To Class: ClassName=Schematic_page2 Member=Component C11 0.1 uF
Added Member To Class: ClassName=Schematic_page2 Member=Component C12 1 uF
Added Member To Class: ClassName=Schematic_page2 Member=Component C13 0.1 uF
Added Member To Class: ClassName=Schematic_page2 Member=Component C14 100 pF
Added Member To Class: ClassName=Schematic_page2 Member=Component C15 1 uF
Added Member To Class: ClassName=Schematic_page2 Member=Component C16 0.01 uF
Added Member To Class: ClassName=Schematic_page3 Member=Component C17 0.1 uF
Added Member To Class: ClassName=Schematic_page3 Member=Component C18 4.7 uF
Added Member To Class: ClassName=Schematic_page3 Member=Component C19 0.1 uF
Added Member To Class: ClassName=Schematic_page3 Member=Component C20 0.1 uF
Added Member To Class: ClassName=Schematic_page1 Member=Component L1 120R@100MHz
Added Member To Class: ClassName=Schematic_page2 Member=Component L2 120R@100MHz
Added Member To Class: ClassName=Schematic_page2 Member=Component L3 120R@100MHz
Added Member To Class: ClassName=Schematic_page3 Member=Component L4 100 uH
Added Member To Class: ClassName=Schematic_page1 Member=Component P1 Header 2
Added Member To Class: ClassName=Schematic_page2 Member=Component R1 10 k
Added Member To Class: ClassName=Schematic_page2 Member=Component R2 10 k
Added Member To Class: ClassName=Schematic_page2 Member=Component R3 10 k
Added Member To Class: ClassName=Schematic_page2 Member=Component R4 10 k
Added Member To Class: ClassName=Schematic_page3 Member=Component R5 2.2 k
Added Member To Class: ClassName=Schematic_page3 Member=Component R6 2.2 k
Added Member To Class: ClassName=Schematic_page3 Member=Component R7 10 k
Added Member To Class: ClassName=Schematic_page3 Member=Component R8 10 k
Added Member To Class: ClassName=Schematic_page3 Member=Component R9 200 R
Added Member To Class: ClassName=Schematic_page3 Member=Component R10 200 R
Added Member To Class: ClassName=Schematic_page3 Member=Component R11 2.2 k
Added Member To Class: ClassName=Schematic_page3 Member=Component R12 2.2 k
Added Member To Class: ClassName=Schematic_page3 Member=Component R13 200 R
Added Member To Class: ClassName=Schematic_page3 Member=Component R14 200 R
Added Member To Class: ClassName=Schematic_page3 Member=Component R15 2.2 k
Added Member To Class: ClassName=Schematic_page3 Member=Component R16 2.2 k
Added Member To Class: ClassName=Schematic_page3 Member=Component R17 2.2 k
Added Member To Class: ClassName=Schematic_page3 Member=Component R18 200 R
Added Member To Class: ClassName=Schematic_page3 Member=Component R19 200 R
Added Member To Class: ClassName=Schematic_page3 Member=Component R20 200 R
Added Member To Class: ClassName=Schematic_page3 Member=Component R21 2.2 k
Added Member To Class: ClassName=Schematic_page3 Member=Component R22 200 R
Added Member To Class: ClassName=Schematic_page2 Member=Component SW1 KMR221GLFS
Added Member To Class: ClassName=Schematic_page2 Member=Component SW2 KMR221GLFS
Added Member To Class: ClassName=Schematic_page2 Member=Component U1 STM32F030F4P6
Added Member To Class: ClassName=Schematic_page3 Member=Component U3 LM3900
Added Member To Class: ClassName=Schematic_page3 Member=Component U4 LM3900
Added Member To Class: ClassName=Schematic_page3 Member=Component U5 TCRT5000
Added Member To Class: ClassName=Schematic_page3 Member=Component U6 TCRT5000
Added Member To Class: ClassName=Schematic_page3 Member=Component U7 TCRT5000
Added Member To Class: ClassName=Schematic_page3 Member=Component U8 TCRT5000
Added Member To Class: ClassName=Schematic_page3 Member=Component U9 TCRT5000
Added Member To Class: ClassName=Schematic_page3 Member=Component U10 TCRT5000
Added Member To Class: ClassName=Schematic_page3 Member=Component U11 TCRT5000
Added Member To Class: ClassName=Schematic_page3 Member=Component U12 TCRT5000
