Removed Pin From Net: NetName=AVCC_3V3 Pin=RN1A-1
Removed Pin From Net: NetName=U3_1IN- Pin=RN1A-2
Removed Pin From Net: NetName=AVCC_3V3 Pin=RN1B-1
Removed Pin From Net: NetName=U3_2IN- Pin=RN1B-2
Removed Pin From Net: NetName=AVCC_3V3 Pin=RN1C-1
Removed Pin From Net: NetName=U3_4IN- Pin=RN1C-2
Removed Pin From Net: NetName=AVCC_3V3 Pin=RN1D-1
Removed Pin From Net: NetName=U3_3IN- Pin=RN1D-2
Removed Pin From Net: NetName=AVCC_3V3 Pin=RN2A-1
Removed Pin From Net: NetName=U4_1IN- Pin=RN2A-2
Removed Pin From Net: NetName=AVCC_3V3 Pin=RN2B-1
Removed Pin From Net: NetName=U4_2IN- Pin=RN2B-2
Removed Pin From Net: NetName=AVCC_3V3 Pin=RN2C-1
Removed Pin From Net: NetName=U4_3IN- Pin=RN2C-2
Removed Pin From Net: NetName=AVCC_3V3 Pin=RN2D-1
Removed Pin From Net: NetName=U4_4IN- Pin=RN2D-2
Removed Member From Class: ClassName=Schematic_page3 Member=RN1A
Removed Member From Class: ClassName=Schematic_page3 Member=RN1B
Removed Member From Class: ClassName=Schematic_page3 Member=RN1C
Removed Member From Class: ClassName=Schematic_page3 Member=RN1D
Removed Member From Class: ClassName=Schematic_page3 Member=RN2A
Removed Member From Class: ClassName=Schematic_page3 Member=RN2B
Removed Member From Class: ClassName=Schematic_page3 Member=RN2C
Removed Member From Class: ClassName=Schematic_page3 Member=RN2D
Change Component Designator: OldDesignator=R7 NewDesignator=R5
Change Component Designator: OldDesignator=R8 NewDesignator=R6
Change Component Designator: OldDesignator=R9 NewDesignator=R7
Change Component Designator: OldDesignator=R10 NewDesignator=R9
Change Component Designator: OldDesignator=R13 NewDesignator=R8
Change Component Designator: OldDesignator=R14 NewDesignator=R11
Change Component Designator: OldDesignator=R18 NewDesignator=R10
Change Component Designator: OldDesignator=R19 NewDesignator=R12
Change Component Designator: OldDesignator=R20 NewDesignator=R13
Change Component Designator: OldDesignator=R22 NewDesignator=R14
Added Member To Class: ClassName=Schematic_page2 Member=Component R3 10 k
Added Member To Class: ClassName=Schematic_page2 Member=Component R4 10 k
