Added Component: Designator=C19(C0603)
Add component (AddParameter): Name = "Case"; Value = ""; VariantName = "[No Variations]"
Add component (AddParameter): Name = "HelpURL"; Value = ""; VariantName = "[No Variations]"
Add component (AddParameter): Name = "Manufacturer"; Value = ""; VariantName = "[No Variations]"
Add component (AddParameter): Name = "Model"; Value = ""; VariantName = "[No Variations]"
Add component (AddParameter): Name = "Value"; Value = "0.1 uF"; VariantName = "[No Variations]"
Added Component: Designator=C20(C0603)
Add component (AddParameter): Name = "Case"; Value = ""; VariantName = "[No Variations]"
Add component (AddParameter): Name = "HelpURL"; Value = ""; VariantName = "[No Variations]"
Add component (AddParameter): Name = "Manufacturer"; Value = ""; VariantName = "[No Variations]"
Add component (AddParameter): Name = "Model"; Value = ""; VariantName = "[No Variations]"
Add component (AddParameter): Name = "Value"; Value = "0.1 uF"; VariantName = "[No Variations]"
Added Pin To Net: NetName=AVCC_3V3 Pin=C19-1
Added Pin To Net: NetName=AGND Pin=C19-2
Added Pin To Net: NetName=AVCC_3V3 Pin=C20-1
Added Pin To Net: NetName=AGND Pin=C20-2
Added Member To Class: ClassName=Schematic_page3 Member=Component C19 0.1 uF
Added Member To Class: ClassName=Schematic_page3 Member=Component C20 0.1 uF
Added Member To Class: ClassName=Schematic_page2 Member=Component R3 10 k
Added Member To Class: ClassName=Schematic_page2 Member=Component R4 10 k
Added Member To Class: ClassName=Schematic_page3 Member=Component R9 200 R
Added Member To Class: ClassName=Schematic_page3 Member=Component R10 200 R
Added Member To Class: ClassName=Schematic_page3 Member=Component R13 200 R
Added Member To Class: ClassName=Schematic_page3 Member=Component R14 200 R
