Removed Pin From Net: NetName=NetR1_2 Pin=SF1-3
Removed Pin From Net: NetName=GND Pin=SF2-3
Change Component Designator: OldDesignator=R7 NewDesignator=R8
Change Component Designator: OldDesignator=R8 NewDesignator=R10
Change Component Designator: OldDesignator=R9 NewDesignator=R12
Change Component Designator: OldDesignator=R10 NewDesignator=R14
Change Component Designator: OldDesignator=R11 NewDesignator=R16
Change Component Designator: OldDesignator=R12 NewDesignator=R18
Change Component Designator: OldDesignator=R13 NewDesignator=R20
Change Component Designator: OldDesignator=R14 NewDesignator=R22
Added Component: Designator=R7(R0603)
Add component (AddParameter): Name = "Case"; Value = ""; VariantName = "[No Variations]"
Add component (AddParameter): Name = "HelpURL"; Value = ""; VariantName = "[No Variations]"
Add component (AddParameter): Name = "Manufacturer"; Value = ""; VariantName = "[No Variations]"
Add component (AddParameter): Name = "Model"; Value = ""; VariantName = "[No Variations]"
Add component (AddParameter): Name = "Value"; Value = "2.2 k"; VariantName = "[No Variations]"
Added Component: Designator=R9(R0603)
Add component (AddParameter): Name = "Case"; Value = ""; VariantName = "[No Variations]"
Add component (AddParameter): Name = "HelpURL"; Value = ""; VariantName = "[No Variations]"
Add component (AddParameter): Name = "Manufacturer"; Value = ""; VariantName = "[No Variations]"
Add component (AddParameter): Name = "Model"; Value = ""; VariantName = "[No Variations]"
Add component (AddParameter): Name = "Value"; Value = "2.2 k"; VariantName = "[No Variations]"
Added Component: Designator=R11(R0603)
Add component (AddParameter): Name = "Case"; Value = ""; VariantName = "[No Variations]"
Add component (AddParameter): Name = "HelpURL"; Value = ""; VariantName = "[No Variations]"
Add component (AddParameter): Name = "Manufacturer"; Value = ""; VariantName = "[No Variations]"
Add component (AddParameter): Name = "Model"; Value = ""; VariantName = "[No Variations]"
Add component (AddParameter): Name = "Value"; Value = "2.2 k"; VariantName = "[No Variations]"
Added Component: Designator=R13(R0603)
Add component (AddParameter): Name = "Case"; Value = ""; VariantName = "[No Variations]"
Add component (AddParameter): Name = "HelpURL"; Value = ""; VariantName = "[No Variations]"
Add component (AddParameter): Name = "Manufacturer"; Value = ""; VariantName = "[No Variations]"
Add component (AddParameter): Name = "Model"; Value = ""; VariantName = "[No Variations]"
Add component (AddParameter): Name = "Value"; Value = "2.2 k"; VariantName = "[No Variations]"
Added Component: Designator=R15(R0603)
Add component (AddParameter): Name = "Case"; Value = ""; VariantName = "[No Variations]"
Add component (AddParameter): Name = "HelpURL"; Value = ""; VariantName = "[No Variations]"
Add component (AddParameter): Name = "Manufacturer"; Value = ""; VariantName = "[No Variations]"
Add component (AddParameter): Name = "Model"; Value = ""; VariantName = "[No Variations]"
Add component (AddParameter): Name = "Value"; Value = "2.2 k"; VariantName = "[No Variations]"
Added Component: Designator=R17(R0603)
Add component (AddParameter): Name = "Case"; Value = ""; VariantName = "[No Variations]"
Add component (AddParameter): Name = "HelpURL"; Value = ""; VariantName = "[No Variations]"
Add component (AddParameter): Name = "Manufacturer"; Value = ""; VariantName = "[No Variations]"
Add component (AddParameter): Name = "Model"; Value = ""; VariantName = "[No Variations]"
Add component (AddParameter): Name = "Value"; Value = "2.2 k"; VariantName = "[No Variations]"
Added Component: Designator=R19(R0603)
Add component (AddParameter): Name = "Case"; Value = ""; VariantName = "[No Variations]"
Add component (AddParameter): Name = "HelpURL"; Value = ""; VariantName = "[No Variations]"
Add component (AddParameter): Name = "Manufacturer"; Value = ""; VariantName = "[No Variations]"
Add component (AddParameter): Name = "Model"; Value = ""; VariantName = "[No Variations]"
Add component (AddParameter): Name = "Value"; Value = "2.2 k"; VariantName = "[No Variations]"
Added Component: Designator=R21(R0603)
Add component (AddParameter): Name = "Case"; Value = ""; VariantName = "[No Variations]"
Add component (AddParameter): Name = "HelpURL"; Value = ""; VariantName = "[No Variations]"
Add component (AddParameter): Name = "Manufacturer"; Value = ""; VariantName = "[No Variations]"
Add component (AddParameter): Name = "Model"; Value = ""; VariantName = "[No Variations]"
Add component (AddParameter): Name = "Value"; Value = "2.2 k"; VariantName = "[No Variations]"
Added Pin To Net: NetName=AVCC_3V3 Pin=R7-1
Added Pin To Net: NetName=U3_1IN- Pin=R7-2
Added Pin To Net: NetName=AVCC_3V3 Pin=R9-1
Added Pin To Net: NetName=U3_2IN- Pin=R9-2
Added Pin To Net: NetName=AVCC_3V3 Pin=R11-1
Added Pin To Net: NetName=U3_4IN- Pin=R11-2
Added Pin To Net: NetName=AVCC_3V3 Pin=R13-1
Added Pin To Net: NetName=U3_3IN- Pin=R13-2
Added Pin To Net: NetName=AVCC_3V3 Pin=R15-1
Added Pin To Net: NetName=U4_1IN- Pin=R15-2
Added Pin To Net: NetName=AVCC_3V3 Pin=R17-1
Added Pin To Net: NetName=U4_2IN- Pin=R17-2
Added Pin To Net: NetName=AVCC_3V3 Pin=R19-1
Added Pin To Net: NetName=U4_3IN- Pin=R19-2
Added Pin To Net: NetName=AVCC_3V3 Pin=R21-1
Added Pin To Net: NetName=U4_4IN- Pin=R21-2
Added Member To Class: ClassName=Schematic_page3 Member=Component R15 2.2 k
Added Member To Class: ClassName=Schematic_page3 Member=Component R16 200 R
Added Member To Class: ClassName=Schematic_page3 Member=Component R17 2.2 k
Added Member To Class: ClassName=Schematic_page3 Member=Component R18 200 R
Added Member To Class: ClassName=Schematic_page3 Member=Component R19 2.2 k
Added Member To Class: ClassName=Schematic_page3 Member=Component R20 200 R
Added Member To Class: ClassName=Schematic_page3 Member=Component R21 2.2 k
Added Member To Class: ClassName=Schematic_page3 Member=Component R22 200 R
