Removed Pin From Net: NetName=AVCC_3V3 Pin=R7-1
Removed Pin From Net: NetName=U3_1IN- Pin=R7-2
Removed Pin From Net: NetName=PA5 Pin=R8-1
Removed Pin From Net: NetName=AVCC_3V3 Pin=R9-1
Removed Pin From Net: NetName=U3_2IN- Pin=R9-2
Removed Pin From Net: NetName=AVCC_3V3 Pin=R11-1
Removed Pin From Net: NetName=U3_4IN- Pin=R11-2
Removed Pin From Net: NetName=PA7 Pin=R12-1
Removed Pin From Net: NetName=AVCC_3V3 Pin=R13-1
Removed Pin From Net: NetName=U3_3IN- Pin=R13-2
Removed Pin From Net: NetName=AVCC_3V3 Pin=R15-1
Removed Pin From Net: NetName=U4_1IN- Pin=R15-2
Removed Pin From Net: NetName=PA3 Pin=R16-1
Removed Pin From Net: NetName=AVCC_3V3 Pin=R17-1
Removed Pin From Net: NetName=U4_2IN- Pin=R17-2
Removed Pin From Net: NetName=PA2 Pin=R18-1
Removed Pin From Net: NetName=AVCC_3V3 Pin=R19-1
Removed Pin From Net: NetName=U4_4IN- Pin=R19-2
Removed Pin From Net: NetName=AVCC_3V3 Pin=R21-1
Removed Pin From Net: NetName=U4_3IN- Pin=R21-2
Removed Pin From Net: NetName=PA5 Pin=U5-1
Removed Pin From Net: NetName=PA7 Pin=U7-1
Removed Pin From Net: NetName=PA3 Pin=U9-1
Removed Pin From Net: NetName=PA2 Pin=U10-1
Removed Member From Class: ClassName=Schematic_page3 Member=R15
Removed Member From Class: ClassName=Schematic_page3 Member=R16
Removed Member From Class: ClassName=Schematic_page3 Member=R17
Removed Member From Class: ClassName=Schematic_page3 Member=R18
Removed Member From Class: ClassName=Schematic_page3 Member=R19
Removed Member From Class: ClassName=Schematic_page3 Member=R20
Removed Member From Class: ClassName=Schematic_page3 Member=R21
Removed Member From Class: ClassName=Schematic_page3 Member=R22
Change Component Designator: OldDesignator=R8 NewDesignator=R7
Change Component Designator: OldDesignator=R10 NewDesignator=R8
Change Component Designator: OldDesignator=R12 NewDesignator=R9
Change Component Designator: OldDesignator=R14 NewDesignator=R10
Change Component Designator: OldDesignator=R16 NewDesignator=R11
Change Component Designator: OldDesignator=R18 NewDesignator=R12
Change Component Designator: OldDesignator=R20 NewDesignator=R13
Change Component Designator: OldDesignator=R22 NewDesignator=R14
Added Pin To Net: NetName=PA4 Pin=R7-1
Added Pin To Net: NetName=PA5 Pin=R9-1
Added Pin To Net: NetName=PA2 Pin=R11-1
Added Pin To Net: NetName=PA3 Pin=R12-1
Added Pin To Net: NetName=PA4 Pin=U5-1
Added Pin To Net: NetName=PA5 Pin=U7-1
Added Pin To Net: NetName=PA2 Pin=U9-1
Added Pin To Net: NetName=PA3 Pin=U10-1
