Removed Pin From Net: NetName=PA0 Pin=R8-1
Removed Pin From Net: NetName=PA1 Pin=R10-1
Removed Pin From Net: NetName=PA2 Pin=R12-1
Removed Pin From Net: NetName=PA3 Pin=R14-1
Removed Pin From Net: NetName=PA4 Pin=R16-1
Removed Pin From Net: NetName=PA5 Pin=R18-1
Removed Pin From Net: NetName=PA6 Pin=R20-1
Removed Pin From Net: NetName=PA7 Pin=R22-1
Removed Pin From Net: NetName=AVCC_3V3 Pin=RN1-1
Removed Pin From Net: NetName=AVCC_3V3 Pin=RN1-2
Removed Pin From Net: NetName=AVCC_3V3 Pin=RN1-3
Removed Pin From Net: NetName=AVCC_3V3 Pin=RN1-4
Removed Pin From Net: NetName=U3_2IN- Pin=RN1-5
Removed Pin From Net: NetName=U3_1IN- Pin=RN1-6
Removed Pin From Net: NetName=U3_3IN- Pin=RN1-7
Removed Pin From Net: NetName=U3_4IN- Pin=RN1-8
Removed Pin From Net: NetName=AVCC_3V3 Pin=RN2-1
Removed Pin From Net: NetName=AVCC_3V3 Pin=RN2-2
Removed Pin From Net: NetName=AVCC_3V3 Pin=RN2-3
Removed Pin From Net: NetName=AVCC_3V3 Pin=RN2-4
Removed Pin From Net: NetName=U4_2IN- Pin=RN2-5
Removed Pin From Net: NetName=U4_1IN- Pin=RN2-6
Removed Pin From Net: NetName=U4_3IN- Pin=RN2-7
Removed Pin From Net: NetName=U4_4IN- Pin=RN2-8
Removed Pin From Net: NetName=NetR1_2 Pin=SF1-3
Removed Pin From Net: NetName=GND Pin=SF2-3
Removed Pin From Net: NetName=PA0 Pin=U5-1
Removed Pin From Net: NetName=PA1 Pin=U6-1
Removed Pin From Net: NetName=PA2 Pin=U7-1
Removed Pin From Net: NetName=NetQ4_2 Pin=U7-4
Removed Pin From Net: NetName=PA3 Pin=U8-1
Removed Pin From Net: NetName=NetQ5_2 Pin=U8-4
Removed Pin From Net: NetName=PA4 Pin=U9-1
Removed Pin From Net: NetName=PA5 Pin=U10-1
Removed Pin From Net: NetName=PA6 Pin=U11-1
Removed Pin From Net: NetName=PA7 Pin=U12-1
Change Component Designator: OldDesignator=R12 NewDesignator=R14
Change Component Designator: OldDesignator=R14 NewDesignator=R12
Change Component Designator: OldDesignator=U7 NewDesignator=U8
Change Component Designator: OldDesignator=U8 NewDesignator=U7
Added Pin To Net: NetName=PA7 Pin=R8-1
Added Pin To Net: NetName=PA6 Pin=R10-1
Added Pin To Net: NetName=PA5 Pin=R12-1
Added Pin To Net: NetName=PA4 Pin=R14-1
Added Pin To Net: NetName=PA3 Pin=R16-1
Added Pin To Net: NetName=PA2 Pin=R18-1
Added Pin To Net: NetName=PA1 Pin=R20-1
Added Pin To Net: NetName=PA1 Pin=R22-1
Added Pin To Net: NetName=PA7 Pin=U5-1
Added Pin To Net: NetName=PA6 Pin=U6-1
Added Pin To Net: NetName=PA5 Pin=U7-1
Added Pin To Net: NetName=NetQ4_2 Pin=U7-4
Added Pin To Net: NetName=PA4 Pin=U8-1
Added Pin To Net: NetName=NetQ5_2 Pin=U8-4
Added Pin To Net: NetName=PA3 Pin=U9-1
Added Pin To Net: NetName=PA2 Pin=U10-1
Added Pin To Net: NetName=PA1 Pin=U11-1
Added Pin To Net: NetName=PA1 Pin=U12-1
Added Member To Class: ClassName=Schematic_page3 Member=Component U8 TCRT5000
