Removed Pin From Net: NetName=NetQ5_2 Pin=Q4-2
Removed Pin From Net: NetName=AVCC_3V3 Pin=RN1-1
Removed Pin From Net: NetName=AVCC_3V3 Pin=RN1-2
Removed Pin From Net: NetName=AVCC_3V3 Pin=RN1-3
Removed Pin From Net: NetName=AVCC_3V3 Pin=RN1-4
Removed Pin From Net: NetName=U3_2IN- Pin=RN1-5
Removed Pin From Net: NetName=U3_1IN- Pin=RN1-6
Removed Pin From Net: NetName=U3_3IN- Pin=RN1-7
Removed Pin From Net: NetName=U3_4IN- Pin=RN1-8
Removed Pin From Net: NetName=AVCC_3V3 Pin=RN2-1
Removed Pin From Net: NetName=AVCC_3V3 Pin=RN2-2
Removed Pin From Net: NetName=AVCC_3V3 Pin=RN2-3
Removed Pin From Net: NetName=AVCC_3V3 Pin=RN2-4
Removed Pin From Net: NetName=U4_2IN- Pin=RN2-5
Removed Pin From Net: NetName=U4_1IN- Pin=RN2-6
Removed Pin From Net: NetName=U4_3IN- Pin=RN2-7
Removed Pin From Net: NetName=U4_4IN- Pin=RN2-8
Change Component Designator: OldDesignator=U7 NewDesignator=U8
Change Component Designator: OldDesignator=U8 NewDesignator=U7
Added Pin To Net: NetName=NetQ4_2 Pin=Q4-2
Added Member To Class: ClassName=Schematic_page3 Member=Component U11 TCRT5000
